TN:
SF:/Users/adrian/Desktop/citypass/github-company/binocular/src/App.vue
FN:33,_interopRequireDefault
FN:44,data
FN:54,filteredList
FN:57,(anonymous_4)
FN:63,loadData
FN:65,(anonymous_6)
FN:68,(anonymous_7)
FN:77,updateDateTime
FN:82,addRemoteDns
FN:86,removeRemoteDns
FN:87,(anonymous_11)
FN:92,saveRemoteDns
FN:96,resetData
FN:104,getRemoteDnsStatus
FN:108,collapseAllCard
FN:112,mounted
FN:123,created
FNF:17
FNH:1
FNDA:6,_interopRequireDefault
FNDA:0,data
FNDA:0,filteredList
FNDA:0,(anonymous_4)
FNDA:0,loadData
FNDA:0,(anonymous_6)
FNDA:0,(anonymous_7)
FNDA:0,updateDateTime
FNDA:0,addRemoteDns
FNDA:0,removeRemoteDns
FNDA:0,(anonymous_11)
FNDA:0,saveRemoteDns
FNDA:0,resetData
FNDA:0,getRemoteDnsStatus
FNDA:0,collapseAllCard
FNDA:0,mounted
FNDA:0,created
DA:0,6
DA:40,1
DA:41,1
DA:42,1
DA:43,1
DA:44,1
DA:45,1
DA:57,0
DA:66,0
DA:67,0
DA:68,0
DA:74,0
DA:75,0
DA:76,0
DA:77,0
DA:78,0
DA:79,0
DA:87,0
DA:90,0
DA:91,0
DA:92,0
DA:95,0
DA:96,0
DA:97,0
DA:100,0
DA:101,0
DA:104,0
DA:106,0
DA:110,0
DA:113,0
DA:114,0
DA:117,0
DA:118,0
DA:119,0
DA:120,0
DA:121,0
DA:126,0
DA:127,0
DA:130,0
DA:134,0
DA:135,0
DA:136,0
DA:140,0
DA:143,0
DA:144,0
DA:147,0
LF:46
LH:7
BRDA:33,1,0,1
BRDA:33,1,1,5
BRDA:33,2,0,6
BRDA:33,2,1,6
BRDA:99,3,0,0
BRDA:99,3,1,0
BRDA:113,4,0,0
BRDA:113,4,1,0
BRF:8
BRH:4
end_of_record
TN:
SF:/Users/adrian/Desktop/citypass/github-company/binocular/src/components/remoteDns.js
FN:6,RemoteDns
FNF:1
FNH:0
FNDA:0,RemoteDns
DA:0,1
DA:1,1
DA:2,0
DA:3,0
DA:4,0
DA:5,0
DA:6,0
DA:7,0
DA:8,0
DA:10,0
LF:10
LH:2
BRF:0
BRH:0
end_of_record
TN:
SF:/Users/adrian/Desktop/citypass/github-company/binocular/src/components/remoteDnsCard.vue
FN:11,_interopRequireDefault
FN:18,data
FN:26,removeRemoteDns
FN:29,getStringDate
FN:40,getRemoteDnsStatus
FN:51,collapseAllCard
FN:55,getInfos
FN:70,(anonymous_8)
FN:73,(anonymous_9)
FN:79,(anonymous_10)
FN:81,(anonymous_11)
FN:88,created
FN:93,mounted
FNF:13
FNH:1
FNDA:1,_interopRequireDefault
FNDA:0,data
FNDA:0,removeRemoteDns
FNDA:0,getStringDate
FNDA:0,getRemoteDnsStatus
FNDA:0,collapseAllCard
FNDA:0,getInfos
FNDA:0,(anonymous_8)
FNDA:0,(anonymous_9)
FNDA:0,(anonymous_10)
FNDA:0,(anonymous_11)
FNDA:0,created
FNDA:0,mounted
DA:0,1
DA:61,1
DA:62,1
DA:68,0
DA:76,0
DA:79,0
DA:80,0
DA:82,0
DA:83,0
DA:84,0
DA:85,0
DA:86,0
DA:87,0
DA:102,0
DA:103,0
DA:104,0
DA:105,0
DA:106,0
DA:107,0
DA:108,0
DA:110,0
DA:114,0
DA:115,0
DA:117,0
DA:118,0
DA:119,0
DA:120,0
DA:124,0
DA:125,0
DA:135,0
DA:136,0
DA:139,0
DA:142,0
DA:146,0
DA:149,0
DA:156,0
DA:157,0
DA:158,0
DA:161,0
DA:162,0
LF:40
LH:3
BRDA:11,1,0,0
BRDA:11,1,1,1
BRDA:11,2,0,1
BRDA:11,2,1,1
BRDA:41,3,0,0
BRDA:41,3,1,0
BRDA:46,4,0,0
BRDA:46,4,1,0
BRDA:58,5,0,0
BRDA:58,5,1,0
BRDA:61,6,0,0
BRDA:61,6,1,0
BRF:12
BRH:4
end_of_record
TN:
SF:/Users/adrian/Desktop/citypass/github-company/binocular/src/components/addRemoteDnsBtn.vue
FN:11,data
FN:24,onSubmit
FN:31,created
FN:34,(anonymous_4)
FN:35,(anonymous_5)
FNF:5
FNH:0
FNDA:0,data
FNDA:0,onSubmit
FNDA:0,created
FNDA:0,(anonymous_4)
FNDA:0,(anonymous_5)
DA:0,1
DA:20,1
DA:25,0
DA:40,0
DA:41,0
DA:42,0
DA:44,0
DA:47,0
DA:48,0
DA:49,0
DA:50,0
LF:11
LH:2
BRF:0
BRH:0
end_of_record
TN:
SF:/Users/adrian/Desktop/citypass/github-company/binocular/src/components/login.vue
FN:11,_interopRequireDefault
FN:17,data
FN:25,created
FN:31,(anonymous_4)
FN:40,(anonymous_5)
FN:45,isLoggedIn
FN:49,mounted
FN:51,onSubmit
FN:61,(anonymous_9)
FN:69,(anonymous_10)
FN:73,handleLogout
FN:82,(anonymous_12)
FN:86,(anonymous_13)
FN:90,getDevices
FN:96,(anonymous_15)
FN:98,(anonymous_16)
FNF:16
FNH:1
FNDA:1,_interopRequireDefault
FNDA:0,data
FNDA:0,created
FNDA:0,(anonymous_4)
FNDA:0,(anonymous_5)
FNDA:0,isLoggedIn
FNDA:0,mounted
FNDA:0,onSubmit
FNDA:0,(anonymous_9)
FNDA:0,(anonymous_10)
FNDA:0,handleLogout
FNDA:0,(anonymous_12)
FNDA:0,(anonymous_13)
FNDA:0,getDevices
FNDA:0,(anonymous_15)
FNDA:0,(anonymous_16)
DA:0,1
DA:14,1
DA:15,1
DA:20,0
DA:27,0
DA:29,0
DA:30,0
DA:37,0
DA:38,0
DA:39,0
DA:40,0
DA:42,0
DA:43,0
DA:47,0
DA:52,0
DA:57,0
DA:58,0
DA:59,0
DA:67,0
DA:68,0
DA:69,0
DA:70,0
DA:72,0
DA:76,0
DA:79,0
DA:80,0
DA:81,0
DA:82,0
DA:83,0
DA:84,0
DA:88,0
DA:89,0
DA:90,0
DA:93,0
DA:96,0
DA:97,0
DA:98,0
DA:105,0
DA:108,0
LF:39
LH:3
BRDA:11,1,0,0
BRDA:11,1,1,1
BRDA:11,2,0,1
BRDA:11,2,1,1
BRDA:32,3,0,0
BRDA:32,3,1,0
BRDA:62,4,0,0
BRDA:62,4,1,0
BRDA:62,5,0,0
BRDA:62,5,1,0
BRF:10
BRH:4
end_of_record
TN:
SF:/Users/adrian/Desktop/citypass/github-company/binocular/src/components/langSwitcher.vue
FN:15,_interopRequireDefault
FN:21,data
FN:28,setLang
FN:32,getLang
FN:36,created
FNF:5
FNH:1
FNDA:2,_interopRequireDefault
FNDA:0,data
FNDA:0,setLang
FNDA:0,getLang
FNDA:0,created
DA:0,2
DA:13,1
DA:14,1
DA:15,1
DA:20,0
DA:26,0
DA:27,0
DA:30,0
DA:34,0
LF:9
LH:4
BRDA:15,1,0,0
BRDA:15,1,1,2
BRDA:15,2,0,2
BRDA:15,2,1,2
BRDA:37,3,0,0
BRDA:37,3,1,0
BRF:6
BRH:4
end_of_record
TN:
SF:/Users/adrian/Desktop/citypass/github-company/binocular/src/components/fileHandler.vue
FN:11,_interopRequireDefault
FN:16,downloadData
FN:21,uploadData
FN:26,(anonymous_4)
FN:31,loadData
FNF:5
FNH:1
FNDA:1,_interopRequireDefault
FNDA:0,downloadData
FNDA:0,uploadData
FNDA:0,(anonymous_4)
FNDA:0,loadData
DA:0,1
DA:18,0
DA:19,0
DA:20,0
DA:22,0
DA:23,0
DA:24,0
DA:25,0
DA:26,0
DA:29,0
DA:30,0
DA:31,0
LF:12
LH:1
BRDA:11,1,0,1
BRDA:11,1,1,0
BRDA:11,2,0,1
BRDA:11,2,1,1
BRF:4
BRH:4
end_of_record
TN:
SF:/Users/adrian/Desktop/citypass/github-company/binocular/src/lang/messages.js
FNF:0
FNH:0
DA:0,1
LF:1
LH:1
BRF:0
BRH:0
end_of_record
